2013-06-20 13:05:05,497 - Velocimacro : initialization complete.
2013-06-20 13:05:05,497 - Velocity successfully started.
2013-06-20 14:37:16,593 - SimpleLog4JLogSystem initialized using logfile 'velocity.log'
2013-06-20 14:37:16,613 - ************************************************************** 
2013-06-20 14:37:16,613 - Starting Jakarta Velocity v1.4
2013-06-20 14:37:16,613 - RuntimeInstance initializing.
2013-06-20 14:37:16,613 - Default Properties File: org/apache/velocity/runtime/defaults/velocity.properties
2013-06-20 14:37:16,613 - Trying to use logger class org.apache.velocity.runtime.log.SimpleLog4JLogSystem
2013-06-20 14:37:16,613 - Using logger class org.apache.velocity.runtime.log.SimpleLog4JLogSystem
2013-06-20 14:37:16,640 - Default ResourceManager initializing. (class org.apache.velocity.runtime.resource.ResourceManagerImpl)
2013-06-20 14:37:16,642 - Resource Loader Instantiated: org.apache.velocity.runtime.resource.loader.ClasspathResourceLoader
2013-06-20 14:37:16,642 - ClasspathResourceLoader : initialization starting.
2013-06-20 14:37:16,642 - ClasspathResourceLoader : initialization complete.
2013-06-20 14:37:16,643 - ResourceCache : initialized. (class org.apache.velocity.runtime.resource.ResourceCacheImpl)
2013-06-20 14:37:16,643 - Default ResourceManager initialization complete.
2013-06-20 14:37:16,644 - Loaded System Directive: org.apache.velocity.runtime.directive.Literal
2013-06-20 14:37:16,646 - Loaded System Directive: org.apache.velocity.runtime.directive.Macro
2013-06-20 14:37:16,647 - Loaded System Directive: org.apache.velocity.runtime.directive.Parse
2013-06-20 14:37:16,649 - Loaded System Directive: org.apache.velocity.runtime.directive.Include
2013-06-20 14:37:16,649 - Loaded System Directive: org.apache.velocity.runtime.directive.Foreach
2013-06-20 14:37:16,674 - Created: 20 parsers.
2013-06-20 14:37:16,682 - Velocimacro : initialization starting.
2013-06-20 14:37:16,682 - Velocimacro : adding VMs from VM library template : VM_global_library.vm
2013-06-20 14:37:16,685 - ResourceManager : unable to find resource 'VM_global_library.vm' in any resource loader.
2013-06-20 14:37:16,686 - Velocimacro : error using  VM library template VM_global_library.vm : org.apache.velocity.exception.ResourceNotFoundException: Unable to find resource 'VM_global_library.vm'
2013-06-20 14:37:16,686 - Velocimacro :  VM library template macro registration complete.
2013-06-20 14:37:16,686 - Velocimacro : allowInline = true : VMs can be defined inline in templates
2013-06-20 14:37:16,686 - Velocimacro : allowInlineToOverride = false : VMs defined inline may NOT replace previous VM definitions
2013-06-20 14:37:16,686 - Velocimacro : allowInlineLocal = false : VMs defined inline will be  global in scope if allowed.
2013-06-20 14:37:16,686 - Velocimacro : messages on  : VM system will output logging messages
2013-06-20 14:37:16,686 - Velocimacro : autoload off  : VM system will not automatically reload global library macros
2013-06-20 14:37:16,686 - Velocimacro : initialization complete.
2013-06-20 14:37:16,686 - Velocity successfully started.
2013-06-20 14:42:07,820 - SimpleLog4JLogSystem initialized using logfile 'velocity.log'
2013-06-20 14:42:07,820 - ************************************************************** 
2013-06-20 14:42:07,820 - Starting Jakarta Velocity v1.4
2013-06-20 14:42:07,820 - RuntimeInstance initializing.
2013-06-20 14:42:07,820 - Default Properties File: org/apache/velocity/runtime/defaults/velocity.properties
2013-06-20 14:42:07,820 - Trying to use logger class org.apache.velocity.runtime.log.SimpleLog4JLogSystem
2013-06-20 14:42:07,820 - Using logger class org.apache.velocity.runtime.log.SimpleLog4JLogSystem
2013-06-20 14:42:07,822 - Default ResourceManager initializing. (class org.apache.velocity.runtime.resource.ResourceManagerImpl)
2013-06-20 14:42:07,824 - Resource Loader Instantiated: org.apache.velocity.runtime.resource.loader.ClasspathResourceLoader
2013-06-20 14:42:07,824 - ClasspathResourceLoader : initialization starting.
2013-06-20 14:42:07,824 - ClasspathResourceLoader : initialization complete.
2013-06-20 14:42:07,825 - ResourceCache : initialized. (class org.apache.velocity.runtime.resource.ResourceCacheImpl)
2013-06-20 14:42:07,826 - Default ResourceManager initialization complete.
2013-06-20 14:42:07,826 - Loaded System Directive: org.apache.velocity.runtime.directive.Literal
2013-06-20 14:42:07,828 - Loaded System Directive: org.apache.velocity.runtime.directive.Macro
2013-06-20 14:42:07,829 - Loaded System Directive: org.apache.velocity.runtime.directive.Parse
2013-06-20 14:42:07,830 - Loaded System Directive: org.apache.velocity.runtime.directive.Include
2013-06-20 14:42:07,831 - Loaded System Directive: org.apache.velocity.runtime.directive.Foreach
2013-06-20 14:42:07,853 - Created: 20 parsers.
2013-06-20 14:42:07,857 - Velocimacro : initialization starting.
2013-06-20 14:42:07,858 - Velocimacro : adding VMs from VM library template : VM_global_library.vm
2013-06-20 14:42:07,863 - ResourceManager : unable to find resource 'VM_global_library.vm' in any resource loader.
2013-06-20 14:42:07,863 - Velocimacro : error using  VM library template VM_global_library.vm : org.apache.velocity.exception.ResourceNotFoundException: Unable to find resource 'VM_global_library.vm'
2013-06-20 14:42:07,863 - Velocimacro :  VM library template macro registration complete.
2013-06-20 14:42:07,863 - Velocimacro : allowInline = true : VMs can be defined inline in templates
2013-06-20 14:42:07,863 - Velocimacro : allowInlineToOverride = false : VMs defined inline may NOT replace previous VM definitions
2013-06-20 14:42:07,863 - Velocimacro : allowInlineLocal = false : VMs defined inline will be  global in scope if allowed.
2013-06-20 14:42:07,863 - Velocimacro : messages on  : VM system will output logging messages
2013-06-20 14:42:07,863 - Velocimacro : autoload off  : VM system will not automatically reload global library macros
2013-06-20 14:42:07,863 - Velocimacro : initialization complete.
2013-06-20 14:42:07,863 - Velocity successfully started.
2013-06-20 15:06:52,290 - SimpleLog4JLogSystem initialized using logfile 'velocity.log'
2013-06-20 15:06:52,290 - ************************************************************** 
2013-06-20 15:06:52,290 - Starting Jakarta Velocity v1.4
2013-06-20 15:06:52,290 - RuntimeInstance initializing.
2013-06-20 15:06:52,290 - Default Properties File: org/apache/velocity/runtime/defaults/velocity.properties
2013-06-20 15:06:52,290 - Trying to use logger class org.apache.velocity.runtime.log.SimpleLog4JLogSystem
2013-06-20 15:06:52,290 - Using logger class org.apache.velocity.runtime.log.SimpleLog4JLogSystem
2013-06-20 15:06:52,292 - Default ResourceManager initializing. (class org.apache.velocity.runtime.resource.ResourceManagerImpl)
2013-06-20 15:06:52,294 - Resource Loader Instantiated: org.apache.velocity.runtime.resource.loader.ClasspathResourceLoader
2013-06-20 15:06:52,294 - ClasspathResourceLoader : initialization starting.
2013-06-20 15:06:52,294 - ClasspathResourceLoader : initialization complete.
2013-06-20 15:06:52,295 - ResourceCache : initialized. (class org.apache.velocity.runtime.resource.ResourceCacheImpl)
2013-06-20 15:06:52,295 - Default ResourceManager initialization complete.
2013-06-20 15:06:52,296 - Loaded System Directive: org.apache.velocity.runtime.directive.Literal
2013-06-20 15:06:52,297 - Loaded System Directive: org.apache.velocity.runtime.directive.Macro
2013-06-20 15:06:52,299 - Loaded System Directive: org.apache.velocity.runtime.directive.Parse
2013-06-20 15:06:52,300 - Loaded System Directive: org.apache.velocity.runtime.directive.Include
2013-06-20 15:06:52,300 - Loaded System Directive: org.apache.velocity.runtime.directive.Foreach
2013-06-20 15:06:52,321 - Created: 20 parsers.
2013-06-20 15:06:52,325 - Velocimacro : initialization starting.
2013-06-20 15:06:52,325 - Velocimacro : adding VMs from VM library template : VM_global_library.vm
2013-06-20 15:06:52,331 - ResourceManager : unable to find resource 'VM_global_library.vm' in any resource loader.
2013-06-20 15:06:52,331 - Velocimacro : error using  VM library template VM_global_library.vm : org.apache.velocity.exception.ResourceNotFoundException: Unable to find resource 'VM_global_library.vm'
2013-06-20 15:06:52,331 - Velocimacro :  VM library template macro registration complete.
2013-06-20 15:06:52,331 - Velocimacro : allowInline = true : VMs can be defined inline in templates
2013-06-20 15:06:52,331 - Velocimacro : allowInlineToOverride = false : VMs defined inline may NOT replace previous VM definitions
2013-06-20 15:06:52,332 - Velocimacro : allowInlineLocal = false : VMs defined inline will be  global in scope if allowed.
2013-06-20 15:06:52,332 - Velocimacro : messages on  : VM system will output logging messages
2013-06-20 15:06:52,332 - Velocimacro : autoload off  : VM system will not automatically reload global library macros
2013-06-20 15:06:52,332 - Velocimacro : initialization complete.
2013-06-20 15:06:52,332 - Velocity successfully started.
2013-06-20 16:10:40,397 - SimpleLog4JLogSystem initialized using logfile 'velocity.log'
2013-06-20 16:10:40,398 - ************************************************************** 
2013-06-20 16:10:40,398 - Starting Jakarta Velocity v1.4
2013-06-20 16:10:40,398 - RuntimeInstance initializing.
2013-06-20 16:10:40,398 - Default Properties File: org/apache/velocity/runtime/defaults/velocity.properties
2013-06-20 16:10:40,398 - Trying to use logger class org.apache.velocity.runtime.log.SimpleLog4JLogSystem
2013-06-20 16:10:40,398 - Using logger class org.apache.velocity.runtime.log.SimpleLog4JLogSystem
2013-06-20 16:10:40,400 - Default ResourceManager initializing. (class org.apache.velocity.runtime.resource.ResourceManagerImpl)
2013-06-20 16:10:40,402 - Resource Loader Instantiated: org.apache.velocity.runtime.resource.loader.ClasspathResourceLoader
2013-06-20 16:10:40,402 - ClasspathResourceLoader : initialization starting.
2013-06-20 16:10:40,402 - ClasspathResourceLoader : initialization complete.
2013-06-20 16:10:40,403 - ResourceCache : initialized. (class org.apache.velocity.runtime.resource.ResourceCacheImpl)
2013-06-20 16:10:40,403 - Default ResourceManager initialization complete.
2013-06-20 16:10:40,404 - Loaded System Directive: org.apache.velocity.runtime.directive.Literal
2013-06-20 16:10:40,405 - Loaded System Directive: org.apache.velocity.runtime.directive.Macro
2013-06-20 16:10:40,407 - Loaded System Directive: org.apache.velocity.runtime.directive.Parse
2013-06-20 16:10:40,408 - Loaded System Directive: org.apache.velocity.runtime.directive.Include
2013-06-20 16:10:40,409 - Loaded System Directive: org.apache.velocity.runtime.directive.Foreach
2013-06-20 16:10:40,437 - Created: 20 parsers.
2013-06-20 16:10:40,443 - Velocimacro : initialization starting.
2013-06-20 16:10:40,443 - Velocimacro : adding VMs from VM library template : VM_global_library.vm
2013-06-20 16:10:40,446 - ResourceManager : unable to find resource 'VM_global_library.vm' in any resource loader.
2013-06-20 16:10:40,446 - Velocimacro : error using  VM library template VM_global_library.vm : org.apache.velocity.exception.ResourceNotFoundException: Unable to find resource 'VM_global_library.vm'
2013-06-20 16:10:40,447 - Velocimacro :  VM library template macro registration complete.
2013-06-20 16:10:40,447 - Velocimacro : allowInline = true : VMs can be defined inline in templates
2013-06-20 16:10:40,447 - Velocimacro : allowInlineToOverride = false : VMs defined inline may NOT replace previous VM definitions
2013-06-20 16:10:40,447 - Velocimacro : allowInlineLocal = false : VMs defined inline will be  global in scope if allowed.
2013-06-20 16:10:40,447 - Velocimacro : messages on  : VM system will output logging messages
2013-06-20 16:10:40,447 - Velocimacro : autoload off  : VM system will not automatically reload global library macros
2013-06-20 16:10:40,447 - Velocimacro : initialization complete.
2013-06-20 16:10:40,447 - Velocity successfully started.
2013-06-20 16:12:06,139 - SimpleLog4JLogSystem initialized using logfile 'velocity.log'
2013-06-20 16:12:06,139 - ************************************************************** 
2013-06-20 16:12:06,139 - Starting Jakarta Velocity v1.4
2013-06-20 16:12:06,139 - RuntimeInstance initializing.
2013-06-20 16:12:06,139 - Default Properties File: org/apache/velocity/runtime/defaults/velocity.properties
2013-06-20 16:12:06,139 - Trying to use logger class org.apache.velocity.runtime.log.SimpleLog4JLogSystem
2013-06-20 16:12:06,139 - Using logger class org.apache.velocity.runtime.log.SimpleLog4JLogSystem
2013-06-20 16:12:06,141 - Default ResourceManager initializing. (class org.apache.velocity.runtime.resource.ResourceManagerImpl)
2013-06-20 16:12:06,142 - Resource Loader Instantiated: org.apache.velocity.runtime.resource.loader.ClasspathResourceLoader
2013-06-20 16:12:06,143 - ClasspathResourceLoader : initialization starting.
2013-06-20 16:12:06,143 - ClasspathResourceLoader : initialization complete.
2013-06-20 16:12:06,143 - ResourceCache : initialized. (class org.apache.velocity.runtime.resource.ResourceCacheImpl)
2013-06-20 16:12:06,144 - Default ResourceManager initialization complete.
2013-06-20 16:12:06,144 - Loaded System Directive: org.apache.velocity.runtime.directive.Literal
2013-06-20 16:12:06,145 - Loaded System Directive: org.apache.velocity.runtime.directive.Macro
2013-06-20 16:12:06,147 - Loaded System Directive: org.apache.velocity.runtime.directive.Parse
2013-06-20 16:12:06,148 - Loaded System Directive: org.apache.velocity.runtime.directive.Include
2013-06-20 16:12:06,149 - Loaded System Directive: org.apache.velocity.runtime.directive.Foreach
2013-06-20 16:12:06,169 - Created: 20 parsers.
2013-06-20 16:12:06,173 - Velocimacro : initialization starting.
2013-06-20 16:12:06,173 - Velocimacro : adding VMs from VM library template : VM_global_library.vm
2013-06-20 16:12:06,178 - ResourceManager : unable to find resource 'VM_global_library.vm' in any resource loader.
2013-06-20 16:12:06,178 - Velocimacro : error using  VM library template VM_global_library.vm : org.apache.velocity.exception.ResourceNotFoundException: Unable to find resource 'VM_global_library.vm'
2013-06-20 16:12:06,178 - Velocimacro :  VM library template macro registration complete.
2013-06-20 16:12:06,178 - Velocimacro : allowInline = true : VMs can be defined inline in templates
2013-06-20 16:12:06,178 - Velocimacro : allowInlineToOverride = false : VMs defined inline may NOT replace previous VM definitions
2013-06-20 16:12:06,178 - Velocimacro : allowInlineLocal = false : VMs defined inline will be  global in scope if allowed.
2013-06-20 16:12:06,178 - Velocimacro : messages on  : VM system will output logging messages
2013-06-20 16:12:06,178 - Velocimacro : autoload off  : VM system will not automatically reload global library macros
2013-06-20 16:12:06,178 - Velocimacro : initialization complete.
2013-06-20 16:12:06,178 - Velocity successfully started.
2013-06-20 16:13:16,627 - SimpleLog4JLogSystem initialized using logfile 'velocity.log'
2013-06-20 16:13:16,627 - ************************************************************** 
2013-06-20 16:13:16,627 - Starting Jakarta Velocity v1.4
2013-06-20 16:13:16,627 - RuntimeInstance initializing.
2013-06-20 16:13:16,627 - Default Properties File: org/apache/velocity/runtime/defaults/velocity.properties
2013-06-20 16:13:16,627 - Trying to use logger class org.apache.velocity.runtime.log.SimpleLog4JLogSystem
2013-06-20 16:13:16,627 - Using logger class org.apache.velocity.runtime.log.SimpleLog4JLogSystem
2013-06-20 16:13:16,629 - Default ResourceManager initializing. (class org.apache.velocity.runtime.resource.ResourceManagerImpl)
2013-06-20 16:13:16,631 - Resource Loader Instantiated: org.apache.velocity.runtime.resource.loader.ClasspathResourceLoader
2013-06-20 16:13:16,631 - ClasspathResourceLoader : initialization starting.
2013-06-20 16:13:16,631 - ClasspathResourceLoader : initialization complete.
2013-06-20 16:13:16,632 - ResourceCache : initialized. (class org.apache.velocity.runtime.resource.ResourceCacheImpl)
2013-06-20 16:13:16,632 - Default ResourceManager initialization complete.
2013-06-20 16:13:16,632 - Loaded System Directive: org.apache.velocity.runtime.directive.Literal
2013-06-20 16:13:16,633 - Loaded System Directive: org.apache.velocity.runtime.directive.Macro
2013-06-20 16:13:16,635 - Loaded System Directive: org.apache.velocity.runtime.directive.Parse
2013-06-20 16:13:16,636 - Loaded System Directive: org.apache.velocity.runtime.directive.Include
2013-06-20 16:13:16,637 - Loaded System Directive: org.apache.velocity.runtime.directive.Foreach
2013-06-20 16:13:16,657 - Created: 20 parsers.
2013-06-20 16:13:16,661 - Velocimacro : initialization starting.
2013-06-20 16:13:16,661 - Velocimacro : adding VMs from VM library template : VM_global_library.vm
2013-06-20 16:13:16,667 - ResourceManager : unable to find resource 'VM_global_library.vm' in any resource loader.
2013-06-20 16:13:16,667 - Velocimacro : error using  VM library template VM_global_library.vm : org.apache.velocity.exception.ResourceNotFoundException: Unable to find resource 'VM_global_library.vm'
2013-06-20 16:13:16,667 - Velocimacro :  VM library template macro registration complete.
2013-06-20 16:13:16,667 - Velocimacro : allowInline = true : VMs can be defined inline in templates
2013-06-20 16:13:16,667 - Velocimacro : allowInlineToOverride = false : VMs defined inline may NOT replace previous VM definitions
2013-06-20 16:13:16,667 - Velocimacro : allowInlineLocal = false : VMs defined inline will be  global in scope if allowed.
2013-06-20 16:13:16,667 - Velocimacro : messages on  : VM system will output logging messages
2013-06-20 16:13:16,667 - Velocimacro : autoload off  : VM system will not automatically reload global library macros
2013-06-20 16:13:16,667 - Velocimacro : initialization complete.
2013-06-20 16:13:16,667 - Velocity successfully started.
2013-06-20 16:17:03,165 - SimpleLog4JLogSystem initialized using logfile 'velocity.log'
2013-06-20 16:17:03,166 - ************************************************************** 
2013-06-20 16:17:03,166 - Starting Jakarta Velocity v1.4
2013-06-20 16:17:03,166 - RuntimeInstance initializing.
2013-06-20 16:17:03,166 - Default Properties File: org/apache/velocity/runtime/defaults/velocity.properties
2013-06-20 16:17:03,166 - Trying to use logger class org.apache.velocity.runtime.log.SimpleLog4JLogSystem
2013-06-20 16:17:03,166 - Using logger class org.apache.velocity.runtime.log.SimpleLog4JLogSystem
2013-06-20 16:17:03,168 - Default ResourceManager initializing. (class org.apache.velocity.runtime.resource.ResourceManagerImpl)
2013-06-20 16:17:03,169 - Resource Loader Instantiated: org.apache.velocity.runtime.resource.loader.ClasspathResourceLoader
2013-06-20 16:17:03,169 - ClasspathResourceLoader : initialization starting.
2013-06-20 16:17:03,169 - ClasspathResourceLoader : initialization complete.
2013-06-20 16:17:03,170 - ResourceCache : initialized. (class org.apache.velocity.runtime.resource.ResourceCacheImpl)
2013-06-20 16:17:03,170 - Default ResourceManager initialization complete.
2013-06-20 16:17:03,171 - Loaded System Directive: org.apache.velocity.runtime.directive.Literal
2013-06-20 16:17:03,172 - Loaded System Directive: org.apache.velocity.runtime.directive.Macro
2013-06-20 16:17:03,174 - Loaded System Directive: org.apache.velocity.runtime.directive.Parse
2013-06-20 16:17:03,175 - Loaded System Directive: org.apache.velocity.runtime.directive.Include
2013-06-20 16:17:03,175 - Loaded System Directive: org.apache.velocity.runtime.directive.Foreach
2013-06-20 16:17:03,196 - Created: 20 parsers.
2013-06-20 16:17:03,201 - Velocimacro : initialization starting.
2013-06-20 16:17:03,201 - Velocimacro : adding VMs from VM library template : VM_global_library.vm
2013-06-20 16:17:03,206 - ResourceManager : unable to find resource 'VM_global_library.vm' in any resource loader.
2013-06-20 16:17:03,207 - Velocimacro : error using  VM library template VM_global_library.vm : org.apache.velocity.exception.ResourceNotFoundException: Unable to find resource 'VM_global_library.vm'
2013-06-20 16:17:03,207 - Velocimacro :  VM library template macro registration complete.
2013-06-20 16:17:03,207 - Velocimacro : allowInline = true : VMs can be defined inline in templates
2013-06-20 16:17:03,207 - Velocimacro : allowInlineToOverride = false : VMs defined inline may NOT replace previous VM definitions
2013-06-20 16:17:03,630 - Velocimacro : allowInlineLocal = false : VMs defined inline will be  global in scope if allowed.
2013-06-20 16:17:03,630 - Velocimacro : messages on  : VM system will output logging messages
2013-06-20 16:17:03,631 - Velocimacro : autoload off  : VM system will not automatically reload global library macros
2013-06-20 16:17:03,631 - Velocimacro : initialization complete.
2013-06-20 16:17:03,631 - Velocity successfully started.
2013-06-20 16:18:30,337 - SimpleLog4JLogSystem initialized using logfile 'velocity.log'
2013-06-20 16:18:30,337 - ************************************************************** 
2013-06-20 16:18:30,337 - Starting Jakarta Velocity v1.4
2013-06-20 16:18:30,337 - RuntimeInstance initializing.
2013-06-20 16:18:30,337 - Default Properties File: org/apache/velocity/runtime/defaults/velocity.properties
2013-06-20 16:18:30,337 - Trying to use logger class org.apache.velocity.runtime.log.SimpleLog4JLogSystem
2013-06-20 16:18:30,337 - Using logger class org.apache.velocity.runtime.log.SimpleLog4JLogSystem
2013-06-20 16:18:30,339 - Default ResourceManager initializing. (class org.apache.velocity.runtime.resource.ResourceManagerImpl)
2013-06-20 16:18:30,341 - Resource Loader Instantiated: org.apache.velocity.runtime.resource.loader.ClasspathResourceLoader
2013-06-20 16:18:30,341 - ClasspathResourceLoader : initialization starting.
2013-06-20 16:18:30,341 - ClasspathResourceLoader : initialization complete.
2013-06-20 16:18:30,342 - ResourceCache : initialized. (class org.apache.velocity.runtime.resource.ResourceCacheImpl)
2013-06-20 16:18:30,342 - Default ResourceManager initialization complete.
2013-06-20 16:18:30,343 - Loaded System Directive: org.apache.velocity.runtime.directive.Literal
2013-06-20 16:18:30,344 - Loaded System Directive: org.apache.velocity.runtime.directive.Macro
2013-06-20 16:18:30,345 - Loaded System Directive: org.apache.velocity.runtime.directive.Parse
2013-06-20 16:18:30,347 - Loaded System Directive: org.apache.velocity.runtime.directive.Include
2013-06-20 16:18:30,347 - Loaded System Directive: org.apache.velocity.runtime.directive.Foreach
2013-06-20 16:18:30,368 - Created: 20 parsers.
2013-06-20 16:18:30,372 - Velocimacro : initialization starting.
2013-06-20 16:18:30,372 - Velocimacro : adding VMs from VM library template : VM_global_library.vm
2013-06-20 16:18:30,377 - ResourceManager : unable to find resource 'VM_global_library.vm' in any resource loader.
2013-06-20 16:18:30,377 - Velocimacro : error using  VM library template VM_global_library.vm : org.apache.velocity.exception.ResourceNotFoundException: Unable to find resource 'VM_global_library.vm'
2013-06-20 16:18:30,377 - Velocimacro :  VM library template macro registration complete.
2013-06-20 16:18:30,377 - Velocimacro : allowInline = true : VMs can be defined inline in templates
2013-06-20 16:18:30,378 - Velocimacro : allowInlineToOverride = false : VMs defined inline may NOT replace previous VM definitions
2013-06-20 16:18:30,378 - Velocimacro : allowInlineLocal = false : VMs defined inline will be  global in scope if allowed.
2013-06-20 16:18:30,378 - Velocimacro : messages on  : VM system will output logging messages
2013-06-20 16:18:30,378 - Velocimacro : autoload off  : VM system will not automatically reload global library macros
2013-06-20 16:18:30,378 - Velocimacro : initialization complete.
2013-06-20 16:18:30,378 - Velocity successfully started.
2013-06-20 16:19:53,127 - SimpleLog4JLogSystem initialized using logfile 'velocity.log'
2013-06-20 16:19:53,127 - ************************************************************** 
2013-06-20 16:19:53,127 - Starting Jakarta Velocity v1.4
2013-06-20 16:19:53,127 - RuntimeInstance initializing.
2013-06-20 16:19:53,127 - Default Properties File: org/apache/velocity/runtime/defaults/velocity.properties
2013-06-20 16:19:53,127 - Trying to use logger class org.apache.velocity.runtime.log.SimpleLog4JLogSystem
2013-06-20 16:19:53,127 - Using logger class org.apache.velocity.runtime.log.SimpleLog4JLogSystem
2013-06-20 16:19:53,131 - Default ResourceManager initializing. (class org.apache.velocity.runtime.resource.ResourceManagerImpl)
2013-06-20 16:19:53,132 - Resource Loader Instantiated: org.apache.velocity.runtime.resource.loader.ClasspathResourceLoader
2013-06-20 16:19:53,133 - ClasspathResourceLoader : initialization starting.
2013-06-20 16:19:53,133 - ClasspathResourceLoader : initialization complete.
2013-06-20 16:19:53,134 - ResourceCache : initialized. (class org.apache.velocity.runtime.resource.ResourceCacheImpl)
2013-06-20 16:19:53,134 - Default ResourceManager initialization complete.
2013-06-20 16:19:53,135 - Loaded System Directive: org.apache.velocity.runtime.directive.Literal
2013-06-20 16:19:53,136 - Loaded System Directive: org.apache.velocity.runtime.directive.Macro
2013-06-20 16:19:53,137 - Loaded System Directive: org.apache.velocity.runtime.directive.Parse
2013-06-20 16:19:53,139 - Loaded System Directive: org.apache.velocity.runtime.directive.Include
2013-06-20 16:19:53,139 - Loaded System Directive: org.apache.velocity.runtime.directive.Foreach
2013-06-20 16:19:53,160 - Created: 20 parsers.
2013-06-20 16:19:53,164 - Velocimacro : initialization starting.
2013-06-20 16:19:53,164 - Velocimacro : adding VMs from VM library template : VM_global_library.vm
2013-06-20 16:19:53,169 - ResourceManager : unable to find resource 'VM_global_library.vm' in any resource loader.
2013-06-20 16:19:53,169 - Velocimacro : error using  VM library template VM_global_library.vm : org.apache.velocity.exception.ResourceNotFoundException: Unable to find resource 'VM_global_library.vm'
2013-06-20 16:19:53,169 - Velocimacro :  VM library template macro registration complete.
2013-06-20 16:19:53,169 - Velocimacro : allowInline = true : VMs can be defined inline in templates
2013-06-20 16:19:53,169 - Velocimacro : allowInlineToOverride = false : VMs defined inline may NOT replace previous VM definitions
2013-06-20 16:19:53,170 - Velocimacro : allowInlineLocal = false : VMs defined inline will be  global in scope if allowed.
2013-06-20 16:19:53,170 - Velocimacro : messages on  : VM system will output logging messages
2013-06-20 16:19:53,170 - Velocimacro : autoload off  : VM system will not automatically reload global library macros
2013-06-20 16:19:53,170 - Velocimacro : initialization complete.
2013-06-20 16:19:53,170 - Velocity successfully started.
2013-06-20 16:22:01,468 - SimpleLog4JLogSystem initialized using logfile 'velocity.log'
2013-06-20 16:22:01,468 - ************************************************************** 
2013-06-20 16:22:01,468 - Starting Jakarta Velocity v1.4
2013-06-20 16:22:01,468 - RuntimeInstance initializing.
2013-06-20 16:22:01,468 - Default Properties File: org/apache/velocity/runtime/defaults/velocity.properties
2013-06-20 16:22:01,468 - Trying to use logger class org.apache.velocity.runtime.log.SimpleLog4JLogSystem
2013-06-20 16:22:01,468 - Using logger class org.apache.velocity.runtime.log.SimpleLog4JLogSystem
2013-06-20 16:22:01,470 - Default ResourceManager initializing. (class org.apache.velocity.runtime.resource.ResourceManagerImpl)
2013-06-20 16:22:01,472 - Resource Loader Instantiated: org.apache.velocity.runtime.resource.loader.ClasspathResourceLoader
2013-06-20 16:22:01,472 - ClasspathResourceLoader : initialization starting.
2013-06-20 16:22:01,472 - ClasspathResourceLoader : initialization complete.
2013-06-20 16:22:01,473 - ResourceCache : initialized. (class org.apache.velocity.runtime.resource.ResourceCacheImpl)
2013-06-20 16:22:01,473 - Default ResourceManager initialization complete.
2013-06-20 16:22:01,474 - Loaded System Directive: org.apache.velocity.runtime.directive.Literal
2013-06-20 16:22:01,475 - Loaded System Directive: org.apache.velocity.runtime.directive.Macro
2013-06-20 16:22:01,477 - Loaded System Directive: org.apache.velocity.runtime.directive.Parse
2013-06-20 16:22:01,478 - Loaded System Directive: org.apache.velocity.runtime.directive.Include
2013-06-20 16:22:01,479 - Loaded System Directive: org.apache.velocity.runtime.directive.Foreach
2013-06-20 16:22:01,500 - Created: 20 parsers.
2013-06-20 16:22:01,504 - Velocimacro : initialization starting.
2013-06-20 16:22:01,504 - Velocimacro : adding VMs from VM library template : VM_global_library.vm
2013-06-20 16:22:01,509 - ResourceManager : unable to find resource 'VM_global_library.vm' in any resource loader.
2013-06-20 16:22:01,509 - Velocimacro : error using  VM library template VM_global_library.vm : org.apache.velocity.exception.ResourceNotFoundException: Unable to find resource 'VM_global_library.vm'
2013-06-20 16:22:01,509 - Velocimacro :  VM library template macro registration complete.
2013-06-20 16:22:01,509 - Velocimacro : allowInline = true : VMs can be defined inline in templates
2013-06-20 16:22:01,510 - Velocimacro : allowInlineToOverride = false : VMs defined inline may NOT replace previous VM definitions
2013-06-20 16:22:01,510 - Velocimacro : allowInlineLocal = false : VMs defined inline will be  global in scope if allowed.
2013-06-20 16:22:01,510 - Velocimacro : messages on  : VM system will output logging messages
2013-06-20 16:22:01,510 - Velocimacro : autoload off  : VM system will not automatically reload global library macros
2013-06-20 16:22:01,510 - Velocimacro : initialization complete.
2013-06-20 16:22:01,510 - Velocity successfully started.
2013-06-20 16:24:44,871 - SimpleLog4JLogSystem initialized using logfile 'velocity.log'
2013-06-20 16:24:44,871 - ************************************************************** 
2013-06-20 16:24:44,871 - Starting Jakarta Velocity v1.4
2013-06-20 16:24:44,871 - RuntimeInstance initializing.
2013-06-20 16:24:44,871 - Default Properties File: org/apache/velocity/runtime/defaults/velocity.properties
2013-06-20 16:24:44,871 - Trying to use logger class org.apache.velocity.runtime.log.SimpleLog4JLogSystem
2013-06-20 16:24:44,872 - Using logger class org.apache.velocity.runtime.log.SimpleLog4JLogSystem
2013-06-20 16:24:44,874 - Default ResourceManager initializing. (class org.apache.velocity.runtime.resource.ResourceManagerImpl)
2013-06-20 16:24:44,875 - Resource Loader Instantiated: org.apache.velocity.runtime.resource.loader.ClasspathResourceLoader
2013-06-20 16:24:44,875 - ClasspathResourceLoader : initialization starting.
2013-06-20 16:24:44,875 - ClasspathResourceLoader : initialization complete.
2013-06-20 16:24:44,876 - ResourceCache : initialized. (class org.apache.velocity.runtime.resource.ResourceCacheImpl)
2013-06-20 16:24:44,876 - Default ResourceManager initialization complete.
2013-06-20 16:24:44,877 - Loaded System Directive: org.apache.velocity.runtime.directive.Literal
2013-06-20 16:24:44,878 - Loaded System Directive: org.apache.velocity.runtime.directive.Macro
2013-06-20 16:24:44,880 - Loaded System Directive: org.apache.velocity.runtime.directive.Parse
2013-06-20 16:24:44,881 - Loaded System Directive: org.apache.velocity.runtime.directive.Include
2013-06-20 16:24:44,882 - Loaded System Directive: org.apache.velocity.runtime.directive.Foreach
2013-06-20 16:24:44,903 - Created: 20 parsers.
2013-06-20 16:24:44,907 - Velocimacro : initialization starting.
2013-06-20 16:24:44,907 - Velocimacro : adding VMs from VM library template : VM_global_library.vm
2013-06-20 16:24:44,912 - ResourceManager : unable to find resource 'VM_global_library.vm' in any resource loader.
2013-06-20 16:24:44,912 - Velocimacro : error using  VM library template VM_global_library.vm : org.apache.velocity.exception.ResourceNotFoundException: Unable to find resource 'VM_global_library.vm'
2013-06-20 16:24:44,912 - Velocimacro :  VM library template macro registration complete.
2013-06-20 16:24:44,912 - Velocimacro : allowInline = true : VMs can be defined inline in templates
2013-06-20 16:24:44,912 - Velocimacro : allowInlineToOverride = false : VMs defined inline may NOT replace previous VM definitions
2013-06-20 16:24:44,912 - Velocimacro : allowInlineLocal = false : VMs defined inline will be  global in scope if allowed.
2013-06-20 16:24:44,912 - Velocimacro : messages on  : VM system will output logging messages
2013-06-20 16:24:44,912 - Velocimacro : autoload off  : VM system will not automatically reload global library macros
2013-06-20 16:24:44,912 - Velocimacro : initialization complete.
2013-06-20 16:24:44,913 - Velocity successfully started.
2013-06-20 16:27:07,539 - SimpleLog4JLogSystem initialized using logfile 'velocity.log'
2013-06-20 16:27:07,540 - ************************************************************** 
2013-06-20 16:27:07,540 - Starting Jakarta Velocity v1.4
2013-06-20 16:27:07,540 - RuntimeInstance initializing.
2013-06-20 16:27:07,540 - Default Properties File: org/apache/velocity/runtime/defaults/velocity.properties
2013-06-20 16:27:07,540 - Trying to use logger class org.apache.velocity.runtime.log.SimpleLog4JLogSystem
2013-06-20 16:27:07,540 - Using logger class org.apache.velocity.runtime.log.SimpleLog4JLogSystem
2013-06-20 16:27:07,542 - Default ResourceManager initializing. (class org.apache.velocity.runtime.resource.ResourceManagerImpl)
2013-06-20 16:27:07,543 - Resource Loader Instantiated: org.apache.velocity.runtime.resource.loader.ClasspathResourceLoader
2013-06-20 16:27:07,543 - ClasspathResourceLoader : initialization starting.
2013-06-20 16:27:07,543 - ClasspathResourceLoader : initialization complete.
2013-06-20 16:27:07,544 - ResourceCache : initialized. (class org.apache.velocity.runtime.resource.ResourceCacheImpl)
2013-06-20 16:27:07,545 - Default ResourceManager initialization complete.
2013-06-20 16:27:07,545 - Loaded System Directive: org.apache.velocity.runtime.directive.Literal
2013-06-20 16:27:07,547 - Loaded System Directive: org.apache.velocity.runtime.directive.Macro
2013-06-20 16:27:07,548 - Loaded System Directive: org.apache.velocity.runtime.directive.Parse
2013-06-20 16:27:07,549 - Loaded System Directive: org.apache.velocity.runtime.directive.Include
2013-06-20 16:27:07,550 - Loaded System Directive: org.apache.velocity.runtime.directive.Foreach
2013-06-20 16:27:07,571 - Created: 20 parsers.
2013-06-20 16:27:07,575 - Velocimacro : initialization starting.
2013-06-20 16:27:07,575 - Velocimacro : adding VMs from VM library template : VM_global_library.vm
2013-06-20 16:27:07,580 - ResourceManager : unable to find resource 'VM_global_library.vm' in any resource loader.
2013-06-20 16:27:07,580 - Velocimacro : error using  VM library template VM_global_library.vm : org.apache.velocity.exception.ResourceNotFoundException: Unable to find resource 'VM_global_library.vm'
2013-06-20 16:27:07,580 - Velocimacro :  VM library template macro registration complete.
2013-06-20 16:27:07,580 - Velocimacro : allowInline = true : VMs can be defined inline in templates
2013-06-20 16:27:07,580 - Velocimacro : allowInlineToOverride = false : VMs defined inline may NOT replace previous VM definitions
2013-06-20 16:27:07,580 - Velocimacro : allowInlineLocal = false : VMs defined inline will be  global in scope if allowed.
2013-06-20 16:27:07,580 - Velocimacro : messages on  : VM system will output logging messages
2013-06-20 16:27:07,580 - Velocimacro : autoload off  : VM system will not automatically reload global library macros
2013-06-20 16:27:07,580 - Velocimacro : initialization complete.
2013-06-20 16:27:07,580 - Velocity successfully started.
2013-06-20 16:50:13,288 - SimpleLog4JLogSystem initialized using logfile 'velocity.log'
2013-06-20 16:50:13,288 - ************************************************************** 
2013-06-20 16:50:13,288 - Starting Jakarta Velocity v1.4
2013-06-20 16:50:13,288 - RuntimeInstance initializing.
2013-06-20 16:50:13,288 - Default Properties File: org/apache/velocity/runtime/defaults/velocity.properties
2013-06-20 16:50:13,288 - Trying to use logger class org.apache.velocity.runtime.log.SimpleLog4JLogSystem
2013-06-20 16:50:13,288 - Using logger class org.apache.velocity.runtime.log.SimpleLog4JLogSystem
2013-06-20 16:50:13,290 - Default ResourceManager initializing. (class org.apache.velocity.runtime.resource.ResourceManagerImpl)
2013-06-20 16:50:13,292 - Resource Loader Instantiated: org.apache.velocity.runtime.resource.loader.ClasspathResourceLoader
2013-06-20 16:50:13,292 - ClasspathResourceLoader : initialization starting.
2013-06-20 16:50:13,292 - ClasspathResourceLoader : initialization complete.
2013-06-20 16:50:13,293 - ResourceCache : initialized. (class org.apache.velocity.runtime.resource.ResourceCacheImpl)
2013-06-20 16:50:13,293 - Default ResourceManager initialization complete.
2013-06-20 16:50:13,294 - Loaded System Directive: org.apache.velocity.runtime.directive.Literal
2013-06-20 16:50:13,295 - Loaded System Directive: org.apache.velocity.runtime.directive.Macro
2013-06-20 16:50:13,296 - Loaded System Directive: org.apache.velocity.runtime.directive.Parse
2013-06-20 16:50:13,298 - Loaded System Directive: org.apache.velocity.runtime.directive.Include
2013-06-20 16:50:13,298 - Loaded System Directive: org.apache.velocity.runtime.directive.Foreach
2013-06-20 16:50:13,318 - Created: 20 parsers.
2013-06-20 16:50:13,322 - Velocimacro : initialization starting.
2013-06-20 16:50:13,322 - Velocimacro : adding VMs from VM library template : VM_global_library.vm
2013-06-20 16:50:13,327 - ResourceManager : unable to find resource 'VM_global_library.vm' in any resource loader.
2013-06-20 16:50:13,328 - Velocimacro : error using  VM library template VM_global_library.vm : org.apache.velocity.exception.ResourceNotFoundException: Unable to find resource 'VM_global_library.vm'
2013-06-20 16:50:13,328 - Velocimacro :  VM library template macro registration complete.
2013-06-20 16:50:13,328 - Velocimacro : allowInline = true : VMs can be defined inline in templates
2013-06-20 16:50:13,328 - Velocimacro : allowInlineToOverride = false : VMs defined inline may NOT replace previous VM definitions
2013-06-20 16:50:13,328 - Velocimacro : allowInlineLocal = false : VMs defined inline will be  global in scope if allowed.
2013-06-20 16:50:13,328 - Velocimacro : messages on  : VM system will output logging messages
2013-06-20 16:50:13,328 - Velocimacro : autoload off  : VM system will not automatically reload global library macros
2013-06-20 16:50:13,328 - Velocimacro : initialization complete.
2013-06-20 16:50:13,328 - Velocity successfully started.
2013-06-21 13:03:21,941 - SimpleLog4JLogSystem initialized using logfile 'velocity.log'
2013-06-21 13:03:21,942 - ************************************************************** 
2013-06-21 13:03:21,942 - Starting Jakarta Velocity v1.4
2013-06-21 13:03:21,942 - RuntimeInstance initializing.
2013-06-21 13:03:21,942 - Default Properties File: org\apache\velocity\runtime\defaults\velocity.properties
2013-06-21 13:03:21,942 - Trying to use logger class org.apache.velocity.runtime.log.SimpleLog4JLogSystem
2013-06-21 13:03:21,942 - Using logger class org.apache.velocity.runtime.log.SimpleLog4JLogSystem
2013-06-21 13:03:21,944 - Default ResourceManager initializing. (class org.apache.velocity.runtime.resource.ResourceManagerImpl)
2013-06-21 13:03:21,946 - Resource Loader Instantiated: org.apache.velocity.runtime.resource.loader.ClasspathResourceLoader
2013-06-21 13:03:21,947 - ClasspathResourceLoader : initialization starting.
2013-06-21 13:03:21,947 - ClasspathResourceLoader : initialization complete.
2013-06-21 13:03:21,948 - ResourceCache : initialized. (class org.apache.velocity.runtime.resource.ResourceCacheImpl)
2013-06-21 13:03:21,948 - Default ResourceManager initialization complete.
2013-06-21 13:03:21,949 - Loaded System Directive: org.apache.velocity.runtime.directive.Literal
2013-06-21 13:03:21,952 - Loaded System Directive: org.apache.velocity.runtime.directive.Macro
2013-06-21 13:03:21,955 - Loaded System Directive: org.apache.velocity.runtime.directive.Parse
2013-06-21 13:03:21,956 - Loaded System Directive: org.apache.velocity.runtime.directive.Include
2013-06-21 13:03:21,957 - Loaded System Directive: org.apache.velocity.runtime.directive.Foreach
2013-06-21 13:03:21,983 - Created: 20 parsers.
2013-06-21 13:03:21,989 - Velocimacro : initialization starting.
2013-06-21 13:03:21,989 - Velocimacro : adding VMs from VM library template : VM_global_library.vm
2013-06-21 13:03:21,996 - ResourceManager : unable to find resource 'VM_global_library.vm' in any resource loader.
2013-06-21 13:03:21,996 - Velocimacro : error using  VM library template VM_global_library.vm : org.apache.velocity.exception.ResourceNotFoundException: Unable to find resource 'VM_global_library.vm'
2013-06-21 13:03:21,996 - Velocimacro :  VM library template macro registration complete.
2013-06-21 13:03:21,996 - Velocimacro : allowInline = true : VMs can be defined inline in templates
2013-06-21 13:03:21,996 - Velocimacro : allowInlineToOverride = false : VMs defined inline may NOT replace previous VM definitions
2013-06-21 13:03:21,996 - Velocimacro : allowInlineLocal = false : VMs defined inline will be  global in scope if allowed.
2013-06-21 13:03:21,996 - Velocimacro : messages on  : VM system will output logging messages
2013-06-21 13:03:21,996 - Velocimacro : autoload off  : VM system will not automatically reload global library macros
2013-06-21 13:03:21,996 - Velocimacro : initialization complete.
2013-06-21 13:03:21,996 - Velocity successfully started.
2013-06-21 13:13:49,328 - SimpleLog4JLogSystem initialized using logfile 'velocity.log'
2013-06-21 13:13:49,329 - ************************************************************** 
2013-06-21 13:13:49,329 - Starting Jakarta Velocity v1.4
2013-06-21 13:13:49,329 - RuntimeInstance initializing.
2013-06-21 13:13:49,329 - Default Properties File: org\apache\velocity\runtime\defaults\velocity.properties
2013-06-21 13:13:49,329 - Trying to use logger class org.apache.velocity.runtime.log.SimpleLog4JLogSystem
2013-06-21 13:13:49,329 - Using logger class org.apache.velocity.runtime.log.SimpleLog4JLogSystem
2013-06-21 13:13:49,331 - Default ResourceManager initializing. (class org.apache.velocity.runtime.resource.ResourceManagerImpl)
2013-06-21 13:13:49,334 - Resource Loader Instantiated: org.apache.velocity.runtime.resource.loader.ClasspathResourceLoader
2013-06-21 13:13:49,334 - ClasspathResourceLoader : initialization starting.
2013-06-21 13:13:49,334 - ClasspathResourceLoader : initialization complete.
2013-06-21 13:13:49,335 - ResourceCache : initialized. (class org.apache.velocity.runtime.resource.ResourceCacheImpl)
2013-06-21 13:13:49,336 - Default ResourceManager initialization complete.
2013-06-21 13:13:49,338 - Loaded System Directive: org.apache.velocity.runtime.directive.Literal
2013-06-21 13:13:49,341 - Loaded System Directive: org.apache.velocity.runtime.directive.Macro
2013-06-21 13:13:49,344 - Loaded System Directive: org.apache.velocity.runtime.directive.Parse
2013-06-21 13:13:49,345 - Loaded System Directive: org.apache.velocity.runtime.directive.Include
2013-06-21 13:13:49,346 - Loaded System Directive: org.apache.velocity.runtime.directive.Foreach
2013-06-21 13:13:49,374 - Created: 20 parsers.
2013-06-21 13:13:49,382 - Velocimacro : initialization starting.
2013-06-21 13:13:49,382 - Velocimacro : adding VMs from VM library template : VM_global_library.vm
2013-06-21 13:13:49,388 - ResourceManager : unable to find resource 'VM_global_library.vm' in any resource loader.
2013-06-21 13:13:49,388 - Velocimacro : error using  VM library template VM_global_library.vm : org.apache.velocity.exception.ResourceNotFoundException: Unable to find resource 'VM_global_library.vm'
2013-06-21 13:13:49,388 - Velocimacro :  VM library template macro registration complete.
2013-06-21 13:13:49,388 - Velocimacro : allowInline = true : VMs can be defined inline in templates
2013-06-21 13:13:49,388 - Velocimacro : allowInlineToOverride = false : VMs defined inline may NOT replace previous VM definitions
2013-06-21 13:13:49,388 - Velocimacro : allowInlineLocal = false : VMs defined inline will be  global in scope if allowed.
2013-06-21 13:13:49,388 - Velocimacro : messages on  : VM system will output logging messages
2013-06-21 13:13:49,388 - Velocimacro : autoload off  : VM system will not automatically reload global library macros
2013-06-21 13:13:49,388 - Velocimacro : initialization complete.
2013-06-21 13:13:49,389 - Velocity successfully started.
2013-06-21 13:19:37,911 - SimpleLog4JLogSystem initialized using logfile 'velocity.log'
2013-06-21 13:19:37,912 - ************************************************************** 
2013-06-21 13:19:37,912 - Starting Jakarta Velocity v1.4
2013-06-21 13:19:37,912 - RuntimeInstance initializing.
2013-06-21 13:19:37,912 - Default Properties File: org\apache\velocity\runtime\defaults\velocity.properties
2013-06-21 13:19:37,912 - Trying to use logger class org.apache.velocity.runtime.log.SimpleLog4JLogSystem
2013-06-21 13:19:37,912 - Using logger class org.apache.velocity.runtime.log.SimpleLog4JLogSystem
2013-06-21 13:19:37,915 - Default ResourceManager initializing. (class org.apache.velocity.runtime.resource.ResourceManagerImpl)
2013-06-21 13:19:37,918 - Resource Loader Instantiated: org.apache.velocity.runtime.resource.loader.ClasspathResourceLoader
2013-06-21 13:19:37,918 - ClasspathResourceLoader : initialization starting.
2013-06-21 13:19:37,918 - ClasspathResourceLoader : initialization complete.
2013-06-21 13:19:37,919 - ResourceCache : initialized. (class org.apache.velocity.runtime.resource.ResourceCacheImpl)
2013-06-21 13:19:37,919 - Default ResourceManager initialization complete.
2013-06-21 13:19:37,921 - Loaded System Directive: org.apache.velocity.runtime.directive.Literal
2013-06-21 13:19:37,924 - Loaded System Directive: org.apache.velocity.runtime.directive.Macro
2013-06-21 13:19:37,928 - Loaded System Directive: org.apache.velocity.runtime.directive.Parse
2013-06-21 13:19:37,930 - Loaded System Directive: org.apache.velocity.runtime.directive.Include
2013-06-21 13:19:37,931 - Loaded System Directive: org.apache.velocity.runtime.directive.Foreach
2013-06-21 13:19:37,964 - Created: 20 parsers.
2013-06-21 13:19:37,971 - Velocimacro : initialization starting.
2013-06-21 13:19:37,971 - Velocimacro : adding VMs from VM library template : VM_global_library.vm
2013-06-21 13:19:37,976 - ResourceManager : unable to find resource 'VM_global_library.vm' in any resource loader.
2013-06-21 13:19:37,977 - Velocimacro : error using  VM library template VM_global_library.vm : org.apache.velocity.exception.ResourceNotFoundException: Unable to find resource 'VM_global_library.vm'
2013-06-21 13:19:37,977 - Velocimacro :  VM library template macro registration complete.
2013-06-21 13:19:37,977 - Velocimacro : allowInline = true : VMs can be defined inline in templates
2013-06-21 13:19:37,977 - Velocimacro : allowInlineToOverride = false : VMs defined inline may NOT replace previous VM definitions
2013-06-21 13:19:37,977 - Velocimacro : allowInlineLocal = false : VMs defined inline will be  global in scope if allowed.
2013-06-21 13:19:37,977 - Velocimacro : messages on  : VM system will output logging messages
2013-06-21 13:19:37,977 - Velocimacro : autoload off  : VM system will not automatically reload global library macros
2013-06-21 13:19:37,977 - Velocimacro : initialization complete.
2013-06-21 13:19:37,977 - Velocity successfully started.
2013-06-21 15:25:54,686 - SimpleLog4JLogSystem initialized using logfile 'velocity.log'
2013-06-21 15:25:54,686 - ************************************************************** 
2013-06-21 15:25:54,686 - Starting Jakarta Velocity v1.4
2013-06-21 15:25:54,686 - RuntimeInstance initializing.
2013-06-21 15:25:54,686 - Default Properties File: org\apache\velocity\runtime\defaults\velocity.properties
2013-06-21 15:25:54,687 - Trying to use logger class org.apache.velocity.runtime.log.SimpleLog4JLogSystem
2013-06-21 15:25:54,687 - Using logger class org.apache.velocity.runtime.log.SimpleLog4JLogSystem
2013-06-21 15:25:54,689 - Default ResourceManager initializing. (class org.apache.velocity.runtime.resource.ResourceManagerImpl)
2013-06-21 15:25:54,691 - Resource Loader Instantiated: org.apache.velocity.runtime.resource.loader.ClasspathResourceLoader
2013-06-21 15:25:54,691 - ClasspathResourceLoader : initialization starting.
2013-06-21 15:25:54,691 - ClasspathResourceLoader : initialization complete.
2013-06-21 15:25:54,693 - ResourceCache : initialized. (class org.apache.velocity.runtime.resource.ResourceCacheImpl)
2013-06-21 15:25:54,693 - Default ResourceManager initialization complete.
2013-06-21 15:25:54,694 - Loaded System Directive: org.apache.velocity.runtime.directive.Literal
2013-06-21 15:25:54,697 - Loaded System Directive: org.apache.velocity.runtime.directive.Macro
2013-06-21 15:25:54,699 - Loaded System Directive: org.apache.velocity.runtime.directive.Parse
2013-06-21 15:25:54,701 - Loaded System Directive: org.apache.velocity.runtime.directive.Include
2013-06-21 15:25:54,702 - Loaded System Directive: org.apache.velocity.runtime.directive.Foreach
2013-06-21 15:25:54,726 - Created: 20 parsers.
2013-06-21 15:25:54,733 - Velocimacro : initialization starting.
2013-06-21 15:25:54,733 - Velocimacro : adding VMs from VM library template : VM_global_library.vm
2013-06-21 15:25:54,740 - ResourceManager : unable to find resource 'VM_global_library.vm' in any resource loader.
2013-06-21 15:25:54,740 - Velocimacro : error using  VM library template VM_global_library.vm : org.apache.velocity.exception.ResourceNotFoundException: Unable to find resource 'VM_global_library.vm'
2013-06-21 15:25:54,740 - Velocimacro :  VM library template macro registration complete.
2013-06-21 15:25:54,740 - Velocimacro : allowInline = true : VMs can be defined inline in templates
2013-06-21 15:25:54,740 - Velocimacro : allowInlineToOverride = false : VMs defined inline may NOT replace previous VM definitions
2013-06-21 15:25:54,740 - Velocimacro : allowInlineLocal = false : VMs defined inline will be  global in scope if allowed.
2013-06-21 15:25:54,740 - Velocimacro : messages on  : VM system will output logging messages
2013-06-21 15:25:54,740 - Velocimacro : autoload off  : VM system will not automatically reload global library macros
2013-06-21 15:25:54,740 - Velocimacro : initialization complete.
2013-06-21 15:25:54,740 - Velocity successfully started.
2013-06-21 16:07:25,132 - SimpleLog4JLogSystem initialized using logfile 'velocity.log'
2013-06-21 16:07:25,132 - ************************************************************** 
2013-06-21 16:07:25,132 - Starting Jakarta Velocity v1.4
2013-06-21 16:07:25,132 - RuntimeInstance initializing.
2013-06-21 16:07:25,132 - Default Properties File: org\apache\velocity\runtime\defaults\velocity.properties
2013-06-21 16:07:25,132 - Trying to use logger class org.apache.velocity.runtime.log.SimpleLog4JLogSystem
2013-06-21 16:07:25,132 - Using logger class org.apache.velocity.runtime.log.SimpleLog4JLogSystem
2013-06-21 16:07:25,135 - Default ResourceManager initializing. (class org.apache.velocity.runtime.resource.ResourceManagerImpl)
2013-06-21 16:07:25,138 - Resource Loader Instantiated: org.apache.velocity.runtime.resource.loader.ClasspathResourceLoader
2013-06-21 16:07:25,138 - ClasspathResourceLoader : initialization starting.
2013-06-21 16:07:25,138 - ClasspathResourceLoader : initialization complete.
2013-06-21 16:07:25,140 - ResourceCache : initialized. (class org.apache.velocity.runtime.resource.ResourceCacheImpl)
2013-06-21 16:07:25,140 - Default ResourceManager initialization complete.
2013-06-21 16:07:25,142 - Loaded System Directive: org.apache.velocity.runtime.directive.Literal
2013-06-21 16:07:25,145 - Loaded System Directive: org.apache.velocity.runtime.directive.Macro
2013-06-21 16:07:25,148 - Loaded System Directive: org.apache.velocity.runtime.directive.Parse
2013-06-21 16:07:25,150 - Loaded System Directive: org.apache.velocity.runtime.directive.Include
2013-06-21 16:07:25,151 - Loaded System Directive: org.apache.velocity.runtime.directive.Foreach
2013-06-21 16:07:25,181 - Created: 20 parsers.
2013-06-21 16:07:25,189 - Velocimacro : initialization starting.
2013-06-21 16:07:25,189 - Velocimacro : adding VMs from VM library template : VM_global_library.vm
2013-06-21 16:07:25,196 - ResourceManager : unable to find resource 'VM_global_library.vm' in any resource loader.
2013-06-21 16:07:25,196 - Velocimacro : error using  VM library template VM_global_library.vm : org.apache.velocity.exception.ResourceNotFoundException: Unable to find resource 'VM_global_library.vm'
2013-06-21 16:07:25,196 - Velocimacro :  VM library template macro registration complete.
2013-06-21 16:07:25,196 - Velocimacro : allowInline = true : VMs can be defined inline in templates
2013-06-21 16:07:25,196 - Velocimacro : allowInlineToOverride = false : VMs defined inline may NOT replace previous VM definitions
2013-06-21 16:07:25,196 - Velocimacro : allowInlineLocal = false : VMs defined inline will be  global in scope if allowed.
2013-06-21 16:07:25,196 - Velocimacro : messages on  : VM system will output logging messages
2013-06-21 16:07:25,196 - Velocimacro : autoload off  : VM system will not automatically reload global library macros
2013-06-21 16:07:25,196 - Velocimacro : initialization complete.
2013-06-21 16:07:25,196 - Velocity successfully started.
2013-06-21 16:30:32,999 - SimpleLog4JLogSystem initialized using logfile 'velocity.log'
2013-06-21 16:30:32,999 - ************************************************************** 
2013-06-21 16:30:32,999 - Starting Jakarta Velocity v1.4
2013-06-21 16:30:32,999 - RuntimeInstance initializing.
2013-06-21 16:30:32,999 - Default Properties File: org\apache\velocity\runtime\defaults\velocity.properties
2013-06-21 16:30:32,999 - Trying to use logger class org.apache.velocity.runtime.log.SimpleLog4JLogSystem
2013-06-21 16:30:32,999 - Using logger class org.apache.velocity.runtime.log.SimpleLog4JLogSystem
2013-06-21 16:30:33,002 - Default ResourceManager initializing. (class org.apache.velocity.runtime.resource.ResourceManagerImpl)
2013-06-21 16:30:33,004 - Resource Loader Instantiated: org.apache.velocity.runtime.resource.loader.ClasspathResourceLoader
2013-06-21 16:30:33,004 - ClasspathResourceLoader : initialization starting.
2013-06-21 16:30:33,004 - ClasspathResourceLoader : initialization complete.
2013-06-21 16:30:33,005 - ResourceCache : initialized. (class org.apache.velocity.runtime.resource.ResourceCacheImpl)
2013-06-21 16:30:33,005 - Default ResourceManager initialization complete.
2013-06-21 16:30:33,007 - Loaded System Directive: org.apache.velocity.runtime.directive.Literal
2013-06-21 16:30:33,010 - Loaded System Directive: org.apache.velocity.runtime.directive.Macro
2013-06-21 16:30:33,013 - Loaded System Directive: org.apache.velocity.runtime.directive.Parse
2013-06-21 16:30:33,015 - Loaded System Directive: org.apache.velocity.runtime.directive.Include
2013-06-21 16:30:33,016 - Loaded System Directive: org.apache.velocity.runtime.directive.Foreach
2013-06-21 16:30:33,047 - Created: 20 parsers.
2013-06-21 16:30:33,055 - Velocimacro : initialization starting.
2013-06-21 16:30:33,055 - Velocimacro : adding VMs from VM library template : VM_global_library.vm
2013-06-21 16:30:33,061 - ResourceManager : unable to find resource 'VM_global_library.vm' in any resource loader.
2013-06-21 16:30:33,061 - Velocimacro : error using  VM library template VM_global_library.vm : org.apache.velocity.exception.ResourceNotFoundException: Unable to find resource 'VM_global_library.vm'
2013-06-21 16:30:33,061 - Velocimacro :  VM library template macro registration complete.
2013-06-21 16:30:33,061 - Velocimacro : allowInline = true : VMs can be defined inline in templates
2013-06-21 16:30:33,061 - Velocimacro : allowInlineToOverride = false : VMs defined inline may NOT replace previous VM definitions
2013-06-21 16:30:33,061 - Velocimacro : allowInlineLocal = false : VMs defined inline will be  global in scope if allowed.
2013-06-21 16:30:33,061 - Velocimacro : messages on  : VM system will output logging messages
2013-06-21 16:30:33,061 - Velocimacro : autoload off  : VM system will not automatically reload global library macros
2013-06-21 16:30:33,061 - Velocimacro : initialization complete.
2013-06-21 16:30:33,061 - Velocity successfully started.
2013-06-21 16:54:37,018 - SimpleLog4JLogSystem initialized using logfile 'velocity.log'
2013-06-21 16:54:37,018 - ************************************************************** 
2013-06-21 16:54:37,018 - Starting Jakarta Velocity v1.4
2013-06-21 16:54:37,018 - RuntimeInstance initializing.
2013-06-21 16:54:37,018 - Default Properties File: org\apache\velocity\runtime\defaults\velocity.properties
2013-06-21 16:54:37,018 - Trying to use logger class org.apache.velocity.runtime.log.SimpleLog4JLogSystem
2013-06-21 16:54:37,018 - Using logger class org.apache.velocity.runtime.log.SimpleLog4JLogSystem
2013-06-21 16:54:37,021 - Default ResourceManager initializing. (class org.apache.velocity.runtime.resource.ResourceManagerImpl)
2013-06-21 16:54:37,023 - Resource Loader Instantiated: org.apache.velocity.runtime.resource.loader.ClasspathResourceLoader
2013-06-21 16:54:37,023 - ClasspathResourceLoader : initialization starting.
2013-06-21 16:54:37,023 - ClasspathResourceLoader : initialization complete.
2013-06-21 16:54:37,025 - ResourceCache : initialized. (class org.apache.velocity.runtime.resource.ResourceCacheImpl)
2013-06-21 16:54:37,025 - Default ResourceManager initialization complete.
2013-06-21 16:54:37,026 - Loaded System Directive: org.apache.velocity.runtime.directive.Literal
2013-06-21 16:54:37,029 - Loaded System Directive: org.apache.velocity.runtime.directive.Macro
2013-06-21 16:54:37,033 - Loaded System Directive: org.apache.velocity.runtime.directive.Parse
2013-06-21 16:54:37,035 - Loaded System Directive: org.apache.velocity.runtime.directive.Include
2013-06-21 16:54:37,035 - Loaded System Directive: org.apache.velocity.runtime.directive.Foreach
2013-06-21 16:54:37,066 - Created: 20 parsers.
2013-06-21 16:54:37,072 - Velocimacro : initialization starting.
2013-06-21 16:54:37,072 - Velocimacro : adding VMs from VM library template : VM_global_library.vm
2013-06-21 16:54:37,078 - ResourceManager : unable to find resource 'VM_global_library.vm' in any resource loader.
2013-06-21 16:54:37,078 - Velocimacro : error using  VM library template VM_global_library.vm : org.apache.velocity.exception.ResourceNotFoundException: Unable to find resource 'VM_global_library.vm'
2013-06-21 16:54:37,078 - Velocimacro :  VM library template macro registration complete.
2013-06-21 16:54:37,078 - Velocimacro : allowInline = true : VMs can be defined inline in templates
2013-06-21 16:54:37,078 - Velocimacro : allowInlineToOverride = false : VMs defined inline may NOT replace previous VM definitions
2013-06-21 16:54:37,078 - Velocimacro : allowInlineLocal = false : VMs defined inline will be  global in scope if allowed.
2013-06-21 16:54:37,078 - Velocimacro : messages on  : VM system will output logging messages
2013-06-21 16:54:37,078 - Velocimacro : autoload off  : VM system will not automatically reload global library macros
2013-06-21 16:54:37,078 - Velocimacro : initialization complete.
2013-06-21 16:54:37,078 - Velocity successfully started.
2013-06-21 16:56:01,052 - SimpleLog4JLogSystem initialized using logfile 'velocity.log'
2013-06-21 16:56:01,053 - ************************************************************** 
2013-06-21 16:56:01,053 - Starting Jakarta Velocity v1.4
2013-06-21 16:56:01,053 - RuntimeInstance initializing.
2013-06-21 16:56:01,053 - Default Properties File: org\apache\velocity\runtime\defaults\velocity.properties
2013-06-21 16:56:01,053 - Trying to use logger class org.apache.velocity.runtime.log.SimpleLog4JLogSystem
2013-06-21 16:56:01,053 - Using logger class org.apache.velocity.runtime.log.SimpleLog4JLogSystem
2013-06-21 16:56:01,057 - Default ResourceManager initializing. (class org.apache.velocity.runtime.resource.ResourceManagerImpl)
2013-06-21 16:56:01,059 - Resource Loader Instantiated: org.apache.velocity.runtime.resource.loader.ClasspathResourceLoader
2013-06-21 16:56:01,059 - ClasspathResourceLoader : initialization starting.
2013-06-21 16:56:01,059 - ClasspathResourceLoader : initialization complete.
2013-06-21 16:56:01,060 - ResourceCache : initialized. (class org.apache.velocity.runtime.resource.ResourceCacheImpl)
2013-06-21 16:56:01,061 - Default ResourceManager initialization complete.
2013-06-21 16:56:01,062 - Loaded System Directive: org.apache.velocity.runtime.directive.Literal
2013-06-21 16:56:01,065 - Loaded System Directive: org.apache.velocity.runtime.directive.Macro
2013-06-21 16:56:01,069 - Loaded System Directive: org.apache.velocity.runtime.directive.Parse
2013-06-21 16:56:01,070 - Loaded System Directive: org.apache.velocity.runtime.directive.Include
2013-06-21 16:56:01,071 - Loaded System Directive: org.apache.velocity.runtime.directive.Foreach
2013-06-21 16:56:01,097 - Created: 20 parsers.
2013-06-21 16:56:01,104 - Velocimacro : initialization starting.
2013-06-21 16:56:01,104 - Velocimacro : adding VMs from VM library template : VM_global_library.vm
2013-06-21 16:56:01,110 - ResourceManager : unable to find resource 'VM_global_library.vm' in any resource loader.
2013-06-21 16:56:01,110 - Velocimacro : error using  VM library template VM_global_library.vm : org.apache.velocity.exception.ResourceNotFoundException: Unable to find resource 'VM_global_library.vm'
2013-06-21 16:56:01,110 - Velocimacro :  VM library template macro registration complete.
2013-06-21 16:56:01,110 - Velocimacro : allowInline = true : VMs can be defined inline in templates
2013-06-21 16:56:01,110 - Velocimacro : allowInlineToOverride = false : VMs defined inline may NOT replace previous VM definitions
2013-06-21 16:56:01,110 - Velocimacro : allowInlineLocal = false : VMs defined inline will be  global in scope if allowed.
2013-06-21 16:56:01,110 - Velocimacro : messages on  : VM system will output logging messages
2013-06-21 16:56:01,110 - Velocimacro : autoload off  : VM system will not automatically reload global library macros
2013-06-21 16:56:01,110 - Velocimacro : initialization complete.
2013-06-21 16:56:01,110 - Velocity successfully started.
2013-06-21 16:57:05,936 - SimpleLog4JLogSystem initialized using logfile 'velocity.log'
2013-06-21 16:57:05,937 - ************************************************************** 
2013-06-21 16:57:05,937 - Starting Jakarta Velocity v1.4
2013-06-21 16:57:05,937 - RuntimeInstance initializing.
2013-06-21 16:57:05,937 - Default Properties File: org\apache\velocity\runtime\defaults\velocity.properties
2013-06-21 16:57:05,937 - Trying to use logger class org.apache.velocity.runtime.log.SimpleLog4JLogSystem
2013-06-21 16:57:05,937 - Using logger class org.apache.velocity.runtime.log.SimpleLog4JLogSystem
2013-06-21 16:57:05,940 - Default ResourceManager initializing. (class org.apache.velocity.runtime.resource.ResourceManagerImpl)
2013-06-21 16:57:05,942 - Resource Loader Instantiated: org.apache.velocity.runtime.resource.loader.ClasspathResourceLoader
2013-06-21 16:57:05,942 - ClasspathResourceLoader : initialization starting.
2013-06-21 16:57:05,942 - ClasspathResourceLoader : initialization complete.
2013-06-21 16:57:05,943 - ResourceCache : initialized. (class org.apache.velocity.runtime.resource.ResourceCacheImpl)
2013-06-21 16:57:05,944 - Default ResourceManager initialization complete.
2013-06-21 16:57:05,945 - Loaded System Directive: org.apache.velocity.runtime.directive.Literal
2013-06-21 16:57:05,948 - Loaded System Directive: org.apache.velocity.runtime.directive.Macro
2013-06-21 16:57:05,951 - Loaded System Directive: org.apache.velocity.runtime.directive.Parse
2013-06-21 16:57:05,954 - Loaded System Directive: org.apache.velocity.runtime.directive.Include
2013-06-21 16:57:05,955 - Loaded System Directive: org.apache.velocity.runtime.directive.Foreach
2013-06-21 16:57:05,984 - Created: 20 parsers.
2013-06-21 16:57:05,994 - Velocimacro : initialization starting.
2013-06-21 16:57:05,994 - Velocimacro : adding VMs from VM library template : VM_global_library.vm
2013-06-21 16:57:06,003 - ResourceManager : unable to find resource 'VM_global_library.vm' in any resource loader.
2013-06-21 16:57:06,003 - Velocimacro : error using  VM library template VM_global_library.vm : org.apache.velocity.exception.ResourceNotFoundException: Unable to find resource 'VM_global_library.vm'
2013-06-21 16:57:06,003 - Velocimacro :  VM library template macro registration complete.
2013-06-21 16:57:06,003 - Velocimacro : allowInline = true : VMs can be defined inline in templates
2013-06-21 16:57:06,003 - Velocimacro : allowInlineToOverride = false : VMs defined inline may NOT replace previous VM definitions
2013-06-21 16:57:06,003 - Velocimacro : allowInlineLocal = false : VMs defined inline will be  global in scope if allowed.
2013-06-21 16:57:06,003 - Velocimacro : messages on  : VM system will output logging messages
2013-06-21 16:57:06,003 - Velocimacro : autoload off  : VM system will not automatically reload global library macros
2013-06-21 16:57:06,003 - Velocimacro : initialization complete.
2013-06-21 16:57:06,003 - Velocity successfully started.
2013-06-21 16:57:12,908 - SimpleLog4JLogSystem initialized using logfile 'velocity.log'
2013-06-21 16:57:12,909 - ************************************************************** 
2013-06-21 16:57:12,909 - Starting Jakarta Velocity v1.4
2013-06-21 16:57:12,909 - RuntimeInstance initializing.
2013-06-21 16:57:12,909 - Default Properties File: org\apache\velocity\runtime\defaults\velocity.properties
2013-06-21 16:57:12,909 - Trying to use logger class org.apache.velocity.runtime.log.SimpleLog4JLogSystem
2013-06-21 16:57:12,909 - Using logger class org.apache.velocity.runtime.log.SimpleLog4JLogSystem
2013-06-21 16:57:12,911 - Default ResourceManager initializing. (class org.apache.velocity.runtime.resource.ResourceManagerImpl)
2013-06-21 16:57:12,914 - Resource Loader Instantiated: org.apache.velocity.runtime.resource.loader.ClasspathResourceLoader
2013-06-21 16:57:12,914 - ClasspathResourceLoader : initialization starting.
2013-06-21 16:57:12,914 - ClasspathResourceLoader : initialization complete.
2013-06-21 16:57:12,915 - ResourceCache : initialized. (class org.apache.velocity.runtime.resource.ResourceCacheImpl)
2013-06-21 16:57:12,916 - Default ResourceManager initialization complete.
2013-06-21 16:57:12,917 - Loaded System Directive: org.apache.velocity.runtime.directive.Literal
2013-06-21 16:57:12,921 - Loaded System Directive: org.apache.velocity.runtime.directive.Macro
2013-06-21 16:57:12,924 - Loaded System Directive: org.apache.velocity.runtime.directive.Parse
2013-06-21 16:57:12,925 - Loaded System Directive: org.apache.velocity.runtime.directive.Include
2013-06-21 16:57:12,926 - Loaded System Directive: org.apache.velocity.runtime.directive.Foreach
2013-06-21 16:57:12,954 - Created: 20 parsers.
2013-06-21 16:57:12,960 - Velocimacro : initialization starting.
2013-06-21 16:57:12,960 - Velocimacro : adding VMs from VM library template : VM_global_library.vm
2013-06-21 16:57:12,966 - ResourceManager : unable to find resource 'VM_global_library.vm' in any resource loader.
2013-06-21 16:57:12,966 - Velocimacro : error using  VM library template VM_global_library.vm : org.apache.velocity.exception.ResourceNotFoundException: Unable to find resource 'VM_global_library.vm'
2013-06-21 16:57:12,966 - Velocimacro :  VM library template macro registration complete.
2013-06-21 16:57:12,966 - Velocimacro : allowInline = true : VMs can be defined inline in templates
2013-06-21 16:57:12,966 - Velocimacro : allowInlineToOverride = false : VMs defined inline may NOT replace previous VM definitions
2013-06-21 16:57:12,966 - Velocimacro : allowInlineLocal = false : VMs defined inline will be  global in scope if allowed.
2013-06-21 16:57:12,966 - Velocimacro : messages on  : VM system will output logging messages
2013-06-21 16:57:12,966 - Velocimacro : autoload off  : VM system will not automatically reload global library macros
2013-06-21 16:57:12,966 - Velocimacro : initialization complete.
2013-06-21 16:57:12,966 - Velocity successfully started.
2013-06-24 11:11:41,910 - SimpleLog4JLogSystem initialized using logfile 'velocity.log'
2013-06-24 11:11:41,919 - ************************************************************** 
2013-06-24 11:11:41,919 - Starting Jakarta Velocity v1.4
2013-06-24 11:11:41,919 - RuntimeInstance initializing.
2013-06-24 11:11:41,919 - Default Properties File: org\apache\velocity\runtime\defaults\velocity.properties
2013-06-24 11:11:41,919 - Trying to use logger class org.apache.velocity.runtime.log.SimpleLog4JLogSystem
2013-06-24 11:11:41,919 - Using logger class org.apache.velocity.runtime.log.SimpleLog4JLogSystem
2013-06-24 11:11:41,922 - Default ResourceManager initializing. (class org.apache.velocity.runtime.resource.ResourceManagerImpl)
2013-06-24 11:11:41,924 - Resource Loader Instantiated: org.apache.velocity.runtime.resource.loader.ClasspathResourceLoader
2013-06-24 11:11:41,924 - ClasspathResourceLoader : initialization starting.
2013-06-24 11:11:41,924 - ClasspathResourceLoader : initialization complete.
2013-06-24 11:11:41,926 - ResourceCache : initialized. (class org.apache.velocity.runtime.resource.ResourceCacheImpl)
2013-06-24 11:11:41,926 - Default ResourceManager initialization complete.
2013-06-24 11:11:41,927 - Loaded System Directive: org.apache.velocity.runtime.directive.Literal
2013-06-24 11:11:41,930 - Loaded System Directive: org.apache.velocity.runtime.directive.Macro
2013-06-24 11:11:41,932 - Loaded System Directive: org.apache.velocity.runtime.directive.Parse
2013-06-24 11:11:41,934 - Loaded System Directive: org.apache.velocity.runtime.directive.Include
2013-06-24 11:11:41,934 - Loaded System Directive: org.apache.velocity.runtime.directive.Foreach
2013-06-24 11:11:41,964 - Created: 20 parsers.
2013-06-24 11:11:41,971 - Velocimacro : initialization starting.
2013-06-24 11:11:41,971 - Velocimacro : adding VMs from VM library template : VM_global_library.vm
2013-06-24 11:11:41,976 - ResourceManager : unable to find resource 'VM_global_library.vm' in any resource loader.
2013-06-24 11:11:41,976 - Velocimacro : error using  VM library template VM_global_library.vm : org.apache.velocity.exception.ResourceNotFoundException: Unable to find resource 'VM_global_library.vm'
2013-06-24 11:11:41,976 - Velocimacro :  VM library template macro registration complete.
2013-06-24 11:11:41,976 - Velocimacro : allowInline = true : VMs can be defined inline in templates
2013-06-24 11:11:41,976 - Velocimacro : allowInlineToOverride = false : VMs defined inline may NOT replace previous VM definitions
2013-06-24 11:11:41,976 - Velocimacro : allowInlineLocal = false : VMs defined inline will be  global in scope if allowed.
2013-06-24 11:11:41,976 - Velocimacro : messages on  : VM system will output logging messages
2013-06-24 11:11:41,976 - Velocimacro : autoload off  : VM system will not automatically reload global library macros
2013-06-24 11:11:41,977 - Velocimacro : initialization complete.
2013-06-24 11:11:41,977 - Velocity successfully started.
2013-06-24 12:07:10,756 - SimpleLog4JLogSystem initialized using logfile 'velocity.log'
2013-06-24 12:07:10,756 - ************************************************************** 
2013-06-24 12:07:10,756 - Starting Jakarta Velocity v1.4
2013-06-24 12:07:10,756 - RuntimeInstance initializing.
2013-06-24 12:07:10,756 - Default Properties File: org\apache\velocity\runtime\defaults\velocity.properties
2013-06-24 12:07:10,756 - Trying to use logger class org.apache.velocity.runtime.log.SimpleLog4JLogSystem
2013-06-24 12:07:10,756 - Using logger class org.apache.velocity.runtime.log.SimpleLog4JLogSystem
2013-06-24 12:07:10,759 - Default ResourceManager initializing. (class org.apache.velocity.runtime.resource.ResourceManagerImpl)
2013-06-24 12:07:10,762 - Resource Loader Instantiated: org.apache.velocity.runtime.resource.loader.ClasspathResourceLoader
2013-06-24 12:07:10,762 - ClasspathResourceLoader : initialization starting.
2013-06-24 12:07:10,762 - ClasspathResourceLoader : initialization complete.
2013-06-24 12:07:10,763 - ResourceCache : initialized. (class org.apache.velocity.runtime.resource.ResourceCacheImpl)
2013-06-24 12:07:10,763 - Default ResourceManager initialization complete.
2013-06-24 12:07:10,766 - Loaded System Directive: org.apache.velocity.runtime.directive.Literal
2013-06-24 12:07:10,767 - Loaded System Directive: org.apache.velocity.runtime.directive.Macro
2013-06-24 12:07:10,769 - Loaded System Directive: org.apache.velocity.runtime.directive.Parse
2013-06-24 12:07:10,771 - Loaded System Directive: org.apache.velocity.runtime.directive.Include
2013-06-24 12:07:10,772 - Loaded System Directive: org.apache.velocity.runtime.directive.Foreach
2013-06-24 12:07:10,797 - Created: 20 parsers.
2013-06-24 12:07:10,804 - Velocimacro : initialization starting.
2013-06-24 12:07:10,804 - Velocimacro : adding VMs from VM library template : VM_global_library.vm
2013-06-24 12:07:10,811 - ResourceManager : unable to find resource 'VM_global_library.vm' in any resource loader.
2013-06-24 12:07:10,811 - Velocimacro : error using  VM library template VM_global_library.vm : org.apache.velocity.exception.ResourceNotFoundException: Unable to find resource 'VM_global_library.vm'
2013-06-24 12:07:10,811 - Velocimacro :  VM library template macro registration complete.
2013-06-24 12:07:10,811 - Velocimacro : allowInline = true : VMs can be defined inline in templates
2013-06-24 12:07:10,811 - Velocimacro : allowInlineToOverride = false : VMs defined inline may NOT replace previous VM definitions
2013-06-24 12:07:10,811 - Velocimacro : allowInlineLocal = false : VMs defined inline will be  global in scope if allowed.
2013-06-24 12:07:10,811 - Velocimacro : messages on  : VM system will output logging messages
2013-06-24 12:07:10,811 - Velocimacro : autoload off  : VM system will not automatically reload global library macros
2013-06-24 12:07:10,811 - Velocimacro : initialization complete.
2013-06-24 12:07:10,811 - Velocity successfully started.
2013-06-24 12:23:06,971 - SimpleLog4JLogSystem initialized using logfile 'velocity.log'
2013-06-24 12:23:06,971 - ************************************************************** 
2013-06-24 12:23:06,971 - Starting Jakarta Velocity v1.4
2013-06-24 12:23:06,971 - RuntimeInstance initializing.
2013-06-24 12:23:06,971 - Default Properties File: org\apache\velocity\runtime\defaults\velocity.properties
2013-06-24 12:23:06,971 - Trying to use logger class org.apache.velocity.runtime.log.SimpleLog4JLogSystem
2013-06-24 12:23:06,971 - Using logger class org.apache.velocity.runtime.log.SimpleLog4JLogSystem
2013-06-24 12:23:06,974 - Default ResourceManager initializing. (class org.apache.velocity.runtime.resource.ResourceManagerImpl)
2013-06-24 12:23:06,976 - Resource Loader Instantiated: org.apache.velocity.runtime.resource.loader.ClasspathResourceLoader
2013-06-24 12:23:06,976 - ClasspathResourceLoader : initialization starting.
2013-06-24 12:23:06,976 - ClasspathResourceLoader : initialization complete.
2013-06-24 12:23:06,978 - ResourceCache : initialized. (class org.apache.velocity.runtime.resource.ResourceCacheImpl)
2013-06-24 12:23:06,978 - Default ResourceManager initialization complete.
2013-06-24 12:23:06,979 - Loaded System Directive: org.apache.velocity.runtime.directive.Literal
2013-06-24 12:23:06,982 - Loaded System Directive: org.apache.velocity.runtime.directive.Macro
2013-06-24 12:23:06,985 - Loaded System Directive: org.apache.velocity.runtime.directive.Parse
2013-06-24 12:23:06,987 - Loaded System Directive: org.apache.velocity.runtime.directive.Include
2013-06-24 12:23:06,988 - Loaded System Directive: org.apache.velocity.runtime.directive.Foreach
2013-06-24 12:23:07,014 - Created: 20 parsers.
2013-06-24 12:23:07,021 - Velocimacro : initialization starting.
2013-06-24 12:23:07,021 - Velocimacro : adding VMs from VM library template : VM_global_library.vm
2013-06-24 12:23:07,029 - ResourceManager : unable to find resource 'VM_global_library.vm' in any resource loader.
2013-06-24 12:23:07,029 - Velocimacro : error using  VM library template VM_global_library.vm : org.apache.velocity.exception.ResourceNotFoundException: Unable to find resource 'VM_global_library.vm'
2013-06-24 12:23:07,029 - Velocimacro :  VM library template macro registration complete.
2013-06-24 12:23:07,029 - Velocimacro : allowInline = true : VMs can be defined inline in templates
2013-06-24 12:23:07,029 - Velocimacro : allowInlineToOverride = false : VMs defined inline may NOT replace previous VM definitions
2013-06-24 12:23:07,029 - Velocimacro : allowInlineLocal = false : VMs defined inline will be  global in scope if allowed.
2013-06-24 12:23:07,029 - Velocimacro : messages on  : VM system will output logging messages
2013-06-24 12:23:07,029 - Velocimacro : autoload off  : VM system will not automatically reload global library macros
2013-06-24 12:23:07,029 - Velocimacro : initialization complete.
2013-06-24 12:23:07,029 - Velocity successfully started.
2013-06-24 12:29:57,585 - SimpleLog4JLogSystem initialized using logfile 'velocity.log'
2013-06-24 12:29:57,586 - ************************************************************** 
2013-06-24 12:29:57,586 - Starting Jakarta Velocity v1.4
2013-06-24 12:29:57,586 - RuntimeInstance initializing.
2013-06-24 12:29:57,586 - Default Properties File: org\apache\velocity\runtime\defaults\velocity.properties
2013-06-24 12:29:57,586 - Trying to use logger class org.apache.velocity.runtime.log.SimpleLog4JLogSystem
2013-06-24 12:29:57,586 - Using logger class org.apache.velocity.runtime.log.SimpleLog4JLogSystem
2013-06-24 12:29:57,588 - Default ResourceManager initializing. (class org.apache.velocity.runtime.resource.ResourceManagerImpl)
2013-06-24 12:29:57,591 - Resource Loader Instantiated: org.apache.velocity.runtime.resource.loader.ClasspathResourceLoader
2013-06-24 12:29:57,591 - ClasspathResourceLoader : initialization starting.
2013-06-24 12:29:57,591 - ClasspathResourceLoader : initialization complete.
2013-06-24 12:29:57,592 - ResourceCache : initialized. (class org.apache.velocity.runtime.resource.ResourceCacheImpl)
2013-06-24 12:29:57,592 - Default ResourceManager initialization complete.
2013-06-24 12:29:57,594 - Loaded System Directive: org.apache.velocity.runtime.directive.Literal
2013-06-24 12:29:57,596 - Loaded System Directive: org.apache.velocity.runtime.directive.Macro
2013-06-24 12:29:57,599 - Loaded System Directive: org.apache.velocity.runtime.directive.Parse
2013-06-24 12:29:57,600 - Loaded System Directive: org.apache.velocity.runtime.directive.Include
2013-06-24 12:29:57,601 - Loaded System Directive: org.apache.velocity.runtime.directive.Foreach
2013-06-24 12:29:57,626 - Created: 20 parsers.
2013-06-24 12:29:57,633 - Velocimacro : initialization starting.
2013-06-24 12:29:57,633 - Velocimacro : adding VMs from VM library template : VM_global_library.vm
2013-06-24 12:29:57,640 - ResourceManager : unable to find resource 'VM_global_library.vm' in any resource loader.
2013-06-24 12:29:57,640 - Velocimacro : error using  VM library template VM_global_library.vm : org.apache.velocity.exception.ResourceNotFoundException: Unable to find resource 'VM_global_library.vm'
2013-06-24 12:29:57,640 - Velocimacro :  VM library template macro registration complete.
2013-06-24 12:29:57,640 - Velocimacro : allowInline = true : VMs can be defined inline in templates
2013-06-24 12:29:57,640 - Velocimacro : allowInlineToOverride = false : VMs defined inline may NOT replace previous VM definitions
2013-06-24 12:29:57,640 - Velocimacro : allowInlineLocal = false : VMs defined inline will be  global in scope if allowed.
2013-06-24 12:29:57,640 - Velocimacro : messages on  : VM system will output logging messages
2013-06-24 12:29:57,640 - Velocimacro : autoload off  : VM system will not automatically reload global library macros
2013-06-24 12:29:57,640 - Velocimacro : initialization complete.
2013-06-24 12:29:57,640 - Velocity successfully started.
